<?xml version="1.0" encoding="UTF-8"?>
<!-- Generated by org.testng.reporters.JUnitReportReporter -->
<testsuite hostname="LAPTOP-4NJ7NU6S" failures="0" tests="6" name="tests.TS_CourseSearch" time="38.171" errors="0" timestamp="2020-10-27T11:08:24 IST" skipped="0">
  <testcase classname="tests.TS_CourseSearch" name="TC_SearchTextBox" time="4.574"/>
  <testcase classname="tests.TS_CourseSearch" name="TC_SearchButtonClickable" time="2.667"/>
  <testcase classname="tests.TS_CourseSearch" name="TC_FilterLanguage" time="4.309"/>
  <testcase classname="tests.TS_CourseSearch" name="TC_FilterLevel" time="1.480"/>
  <testcase classname="tests.TS_CourseSearch" name="TC_CourseAvailability" time="1.328"/>
  <testcase classname="tests.TS_CourseSearch" name="TC_CourseDuration" time="23.813"/>
</testsuite> <!-- tests.TS_CourseSearch -->
