<?xml version="1.0" encoding="UTF-8"?>
<!-- Generated by org.testng.reporters.JUnitReportReporter -->
<testsuite hostname="LAPTOP-4NJ7NU6S" failures="0" tests="10" name="tests.TS_FormFillupInvalid" time="102.950" errors="0" timestamp="2020-10-27T12:07:21 IST" skipped="0">
  <testcase classname="tests.TS_FormFillupInvalid" name="TC_InvalidEmail" time="25.853"/>
  <testcase classname="tests.TS_FormFillupInvalid" name="TC_noData1" time="8.901"/>
  <testcase classname="tests.TS_FormFillupInvalid" name="TC_wrongData" time="9.246"/>
  <testcase classname="tests.TS_FormFillupInvalid" name="TC_noData2" time="8.817"/>
  <testcase classname="tests.TS_FormFillupInvalid" name="TC_noData3" time="8.472"/>
  <testcase classname="tests.TS_FormFillupInvalid" name="TC_noData4" time="8.527"/>
  <testcase classname="tests.TS_FormFillupInvalid" name="TC_noData5" time="8.100"/>
  <testcase classname="tests.TS_FormFillupInvalid" name="TC_noData6" time="9.048"/>
  <testcase classname="tests.TS_FormFillupInvalid" name="TC_noData7" time="8.244"/>
  <testcase classname="tests.TS_FormFillupInvalid" name="TC_noData8" time="7.742"/>
</testsuite> <!-- tests.TS_FormFillupInvalid -->
