<?xml version="1.0" encoding="UTF-8"?>
<!-- Generated by org.testng.reporters.JUnitReportReporter -->
<testsuite hostname="LAPTOP-4NJ7NU6S" failures="0" tests="4" name="tests.TS_Filter" time="13.987" errors="0" timestamp="2020-10-27T11:08:24 IST" skipped="0">
  <testcase classname="tests.TS_Filter" name="languagesDisplayed" time="9.711"/>
  <testcase classname="tests.TS_Filter" name="extractLanguageDetails" time="3.611"/>
  <testcase classname="tests.TS_Filter" name="levelsDisplayed" time="0.201"/>
  <testcase classname="tests.TS_Filter" name="extractLevelsDetails" time="0.464"/>
</testsuite> <!-- tests.TS_Filter -->
