<?xml version="1.0" encoding="UTF-8"?>
<!-- Generated by org.testng.reporters.JUnitReportReporter -->
<testsuite hostname="LAPTOP-4NJ7NU6S" failures="0" tests="1" name="tests.TS_FormFillupValid" time="24.782" errors="0" timestamp="2020-10-27T11:56:27 IST" skipped="0">
  <testcase classname="tests.TS_FormFillupValid" name="TC_validData" time="24.782"/>
</testsuite> <!-- tests.TS_FormFillupValid -->
